<?xml version="1.0" encoding="UTF-8"?>
<!-- Generated by org.testng.reporters.JUnitReportReporter -->
<testsuite hostname="DESKTOP-LHMO7C5" failures="0" tests="1" name="assign_MDIT1.Script5" time="6.680" errors="0" timestamp="2024-01-02T12:50:07 IST" skipped="0">
  <testcase classname="assign_MDIT1.Script5" name="test1" time="6.680"/>
  <system-out/>
</testsuite> <!-- assign_MDIT1.Script5 -->
