<?xml version="1.0" encoding="UTF-8"?>
<!-- Generated by org.testng.reporters.JUnitReportReporter -->
<testsuite hostname="DESKTOP-LHMO7C5" failures="0" tests="1" name="assign_MDIT1.demo" time="16.484" errors="0" timestamp="2024-01-22T11:37:28 IST" skipped="0">
  <testcase classname="assign_MDIT1.demo" name="test" time="16.484"/>
  <system-out/>
</testsuite> <!-- assign_MDIT1.demo -->
