<?xml version="1.0" encoding="UTF-8"?>
<!-- Generated by org.testng.reporters.JUnitReportReporter -->
<testsuite hostname="DESKTOP-LHMO7C5" failures="0" tests="1" name="Daily_challenge.Demo6" time="0.094" errors="0" timestamp="30 Jan 2024 05:23:59 GMT">
  <testcase classname="Daily_challenge.Demo6" name="test" time="0.094"/>
</testsuite> <!-- Daily_challenge.Demo6 -->
